<?xml version="1.0" encoding="UTF-8"?>
<testsuite xmlns:xsi="http://www.w3.org/2001/XMLSchema-instance" xsi:noNamespaceSchemaLocation="https://maven.apache.org/surefire/maven-surefire-plugin/xsd/surefire-test-report.xsd" name="TestSuite" time="34.177" tests="2" errors="0" skipped="0" failures="2">
  <properties>
    <property name="sun.desktop" value="windows"/>
    <property name="awt.toolkit" value="sun.awt.windows.WToolkit"/>
    <property name="file.encoding.pkg" value="sun.io"/>
    <property name="java.specification.version" value="1.8"/>
    <property name="sun.cpu.isalist" value="amd64"/>
    <property name="sun.jnu.encoding" value="Cp1252"/>
    <property name="java.class.path" value="C:\Users\Poonam Jha\poonam\com.smarteinc.automation\target\test-classes;C:\Users\Poonam Jha\poonam\com.smarteinc.automation\target\classes;C:\Users\Poonam Jha\.m2\repository\com\googlecode\json-simple\json-simple\1.1.1\json-simple-1.1.1.jar;C:\Users\Poonam Jha\.m2\repository\junit\junit\4.10\junit-4.10.jar;C:\Users\Poonam Jha\.m2\repository\javax\mail\mail\1.4.7\mail-1.4.7.jar;C:\Users\Poonam Jha\.m2\repository\javax\activation\activation\1.1\activation-1.1.jar;C:\Users\Poonam Jha\.m2\repository\io\appium\java-client\4.1.2\java-client-4.1.2.jar;C:\Users\Poonam Jha\.m2\repository\org\apache\httpcomponents\httpclient\4.5.2\httpclient-4.5.2.jar;C:\Users\Poonam Jha\.m2\repository\org\apache\httpcomponents\httpcore\4.4.4\httpcore-4.4.4.jar;C:\Users\Poonam Jha\.m2\repository\commons-logging\commons-logging\1.2\commons-logging-1.2.jar;C:\Users\Poonam Jha\.m2\repository\commons-validator\commons-validator\1.5.1\commons-validator-1.5.1.jar;C:\Users\Poonam Jha\.m2\repository\commons-digester\commons-digester\1.8.1\commons-digester-1.8.1.jar;C:\Users\Poonam Jha\.m2\repository\cglib\cglib-nodep\3.2.4\cglib-nodep-3.2.4.jar;C:\Users\Poonam Jha\.m2\repository\org\springframework\spring-context\4.3.2.RELEASE\spring-context-4.3.2.RELEASE.jar;C:\Users\Poonam Jha\.m2\repository\org\springframework\spring-aop\4.3.2.RELEASE\spring-aop-4.3.2.RELEASE.jar;C:\Users\Poonam Jha\.m2\repository\org\springframework\spring-beans\4.3.2.RELEASE\spring-beans-4.3.2.RELEASE.jar;C:\Users\Poonam Jha\.m2\repository\org\springframework\spring-core\4.3.2.RELEASE\spring-core-4.3.2.RELEASE.jar;C:\Users\Poonam Jha\.m2\repository\org\springframework\spring-expression\4.3.2.RELEASE\spring-expression-4.3.2.RELEASE.jar;C:\Users\Poonam Jha\.m2\repository\org\aspectj\aspectjweaver\1.8.9\aspectjweaver-1.8.9.jar;C:\Users\Poonam Jha\.m2\repository\org\seleniumhq\selenium\selenium-java\3.1.0\selenium-java-3.1.0.jar;C:\Users\Poonam Jha\.m2\repository\org\seleniumhq\selenium\selenium-edge-driver\3.1.0\selenium-edge-driver-3.1.0.jar;C:\Users\Poonam Jha\.m2\repository\org\seleniumhq\selenium\selenium-opera-driver\3.1.0\selenium-opera-driver-3.1.0.jar;C:\Users\Poonam Jha\.m2\repository\org\seleniumhq\selenium\selenium-safari-driver\3.1.0\selenium-safari-driver-3.1.0.jar;C:\Users\Poonam Jha\.m2\repository\org\seleniumhq\selenium\selenium-support\3.1.0\selenium-support-3.1.0.jar;C:\Users\Poonam Jha\.m2\repository\net\sourceforge\htmlunit\htmlunit\2.23\htmlunit-2.23.jar;C:\Users\Poonam Jha\.m2\repository\xalan\xalan\2.7.2\xalan-2.7.2.jar;C:\Users\Poonam Jha\.m2\repository\xalan\serializer\2.7.2\serializer-2.7.2.jar;C:\Users\Poonam Jha\.m2\repository\net\sourceforge\htmlunit\htmlunit-core-js\2.23\htmlunit-core-js-2.23.jar;C:\Users\Poonam Jha\.m2\repository\net\sourceforge\htmlunit\neko-htmlunit\2.23\neko-htmlunit-2.23.jar;C:\Users\Poonam Jha\.m2\repository\xerces\xercesImpl\2.11.0\xercesImpl-2.11.0.jar;C:\Users\Poonam Jha\.m2\repository\xml-apis\xml-apis\1.4.01\xml-apis-1.4.01.jar;C:\Users\Poonam Jha\.m2\repository\net\sourceforge\cssparser\cssparser\0.9.20\cssparser-0.9.20.jar;C:\Users\Poonam Jha\.m2\repository\org\w3c\css\sac\1.3\sac-1.3.jar;C:\Users\Poonam Jha\.m2\repository\commons-io\commons-io\2.5\commons-io-2.5.jar;C:\Users\Poonam Jha\.m2\repository\com\codeborne\phantomjsdriver\1.3.0\phantomjsdriver-1.3.0.jar;C:\Users\Poonam Jha\.m2\repository\org\eclipse\jetty\websocket\websocket-client\9.2.15.v20160210\websocket-client-9.2.15.v20160210.jar;C:\Users\Poonam Jha\.m2\repository\org\eclipse\jetty\jetty-util\9.2.15.v20160210\jetty-util-9.2.15.v20160210.jar;C:\Users\Poonam Jha\.m2\repository\org\eclipse\jetty\jetty-io\9.2.15.v20160210\jetty-io-9.2.15.v20160210.jar;C:\Users\Poonam Jha\.m2\repository\org\eclipse\jetty\websocket\websocket-common\9.2.15.v20160210\websocket-common-9.2.15.v20160210.jar;C:\Users\Poonam Jha\.m2\repository\org\eclipse\jetty\websocket\websocket-api\9.2.15.v20160210\websocket-api-9.2.15.v20160210.jar;C:\Users\Poonam Jha\.m2\repository\org\seleniumhq\selenium\selenium-firefox-driver\3.1.0\selenium-firefox-driver-3.1.0.jar;C:\Users\Poonam Jha\.m2\repository\org\seleniumhq\selenium\selenium-remote-driver\3.1.0\selenium-remote-driver-3.1.0.jar;C:\Users\Poonam Jha\.m2\repository\org\seleniumhq\selenium\selenium-api\3.1.0\selenium-api-3.1.0.jar;C:\Users\Poonam Jha\.m2\repository\org\apache\commons\commons-exec\1.3\commons-exec-1.3.jar;C:\Users\Poonam Jha\.m2\repository\net\java\dev\jna\jna-platform\4.1.0\jna-platform-4.1.0.jar;C:\Users\Poonam Jha\.m2\repository\org\seleniumhq\selenium\selenium-chrome-driver\3.1.0\selenium-chrome-driver-3.1.0.jar;C:\Users\Poonam Jha\.m2\repository\org\seleniumhq\selenium\selenium-ie-driver\3.1.0\selenium-ie-driver-3.1.0.jar;C:\Users\Poonam Jha\.m2\repository\com\google\guava\guava\21.0\guava-21.0.jar;C:\Users\Poonam Jha\.m2\repository\com\github\detro\ghostdriver\phantomjsdriver\1.0.1\phantomjsdriver-1.0.1.jar;C:\Users\Poonam Jha\.m2\repository\org\seleniumhq\selenium\selenium-server\2.28.0\selenium-server-2.28.0.jar;C:\Users\Poonam Jha\.m2\repository\org\bouncycastle\bcprov-jdk15on\1.47\bcprov-jdk15on-1.47.jar;C:\Users\Poonam Jha\.m2\repository\org\bouncycastle\bcpkix-jdk15on\1.47\bcpkix-jdk15on-1.47.jar;C:\Users\Poonam Jha\.m2\repository\mx4j\mx4j-tools\3.0.1\mx4j-tools-3.0.1.jar;C:\Users\Poonam Jha\.m2\repository\org\mortbay\jetty\servlet-api-2.5\6.1.9\servlet-api-2.5-6.1.9.jar;C:\Users\Poonam Jha\.m2\repository\org\seleniumhq\selenium\jetty-repacked\7.6.1\jetty-repacked-7.6.1.jar;C:\Users\Poonam Jha\.m2\repository\net\jcip\jcip-annotations\1.0\jcip-annotations-1.0.jar;C:\Users\Poonam Jha\.m2\repository\org\yaml\snakeyaml\1.8\snakeyaml-1.8.jar;C:\Users\Poonam Jha\.m2\repository\log4j\log4j\1.2.17\log4j-1.2.17.jar;C:\Users\Poonam Jha\.m2\repository\org\apache\logging\log4j\log4j-api\2.11.1\log4j-api-2.11.1.jar;C:\Users\Poonam Jha\.m2\repository\org\apache\logging\log4j\log4j-core\2.11.1\log4j-core-2.11.1.jar;C:\Users\Poonam Jha\.m2\repository\org\testng\testng\6.14.3\testng-6.14.3.jar;C:\Users\Poonam Jha\.m2\repository\org\apache-extras\beanshell\bsh\2.0b6\bsh-2.0b6.jar;C:\Users\Poonam Jha\.m2\repository\org\apache\commons\commons-csv\1.7\commons-csv-1.7.jar;C:\Users\Poonam Jha\.m2\repository\com\aventstack\extentreports\4.0.9\extentreports-4.0.9.jar;C:\Users\Poonam Jha\.m2\repository\org\freemarker\freemarker\2.3.23\freemarker-2.3.23.jar;C:\Users\Poonam Jha\.m2\repository\org\mongodb\mongodb-driver\3.3.0\mongodb-driver-3.3.0.jar;C:\Users\Poonam Jha\.m2\repository\org\mongodb\mongodb-driver-core\3.3.0\mongodb-driver-core-3.3.0.jar;C:\Users\Poonam Jha\.m2\repository\org\mongodb\bson\3.3.0\bson-3.3.0.jar;C:\Users\Poonam Jha\.m2\repository\org\apache\httpcomponents\httpmime\4.5.2\httpmime-4.5.2.jar;C:\Users\Poonam Jha\.m2\repository\org\apache\poi\poi\3.17\poi-3.17.jar;C:\Users\Poonam Jha\.m2\repository\commons-codec\commons-codec\1.10\commons-codec-1.10.jar;C:\Users\Poonam Jha\.m2\repository\org\apache\commons\commons-collections4\4.1\commons-collections4-4.1.jar;C:\Users\Poonam Jha\.m2\repository\org\apache\poi\poi-ooxml\3.17\poi-ooxml-3.17.jar;C:\Users\Poonam Jha\.m2\repository\org\apache\poi\poi-ooxml-schemas\3.17\poi-ooxml-schemas-3.17.jar;C:\Users\Poonam Jha\.m2\repository\org\apache\xmlbeans\xmlbeans\2.6.0\xmlbeans-2.6.0.jar;C:\Users\Poonam Jha\.m2\repository\stax\stax-api\1.0.1\stax-api-1.0.1.jar;C:\Users\Poonam Jha\.m2\repository\com\github\virtuald\curvesapi\1.04\curvesapi-1.04.jar;C:\Users\Poonam Jha\.m2\repository\com\jayway\restassured\rest-assured\2.9.0\rest-assured-2.9.0.jar;C:\Users\Poonam Jha\.m2\repository\org\codehaus\groovy\groovy\2.4.4\groovy-2.4.4.jar;C:\Users\Poonam Jha\.m2\repository\org\codehaus\groovy\groovy-xml\2.4.4\groovy-xml-2.4.4.jar;C:\Users\Poonam Jha\.m2\repository\org\hamcrest\hamcrest-core\1.3\hamcrest-core-1.3.jar;C:\Users\Poonam Jha\.m2\repository\org\hamcrest\hamcrest-library\1.3\hamcrest-library-1.3.jar;C:\Users\Poonam Jha\.m2\repository\org\ccil\cowan\tagsoup\tagsoup\1.2.1\tagsoup-1.2.1.jar;C:\Users\Poonam Jha\.m2\repository\com\jayway\restassured\json-path\2.9.0\json-path-2.9.0.jar;C:\Users\Poonam Jha\.m2\repository\org\codehaus\groovy\groovy-json\2.4.4\groovy-json-2.4.4.jar;C:\Users\Poonam Jha\.m2\repository\com\jayway\restassured\rest-assured-common\2.9.0\rest-assured-common-2.9.0.jar;C:\Users\Poonam Jha\.m2\repository\com\jayway\restassured\xml-path\2.9.0\xml-path-2.9.0.jar;C:\Users\Poonam Jha\.m2\repository\com\jayway\restassured\json-schema-validator\2.9.0\json-schema-validator-2.9.0.jar;C:\Users\Poonam Jha\.m2\repository\com\github\fge\json-schema-validator\2.2.6\json-schema-validator-2.2.6.jar;C:\Users\Poonam Jha\.m2\repository\com\google\code\findbugs\jsr305\3.0.0\jsr305-3.0.0.jar;C:\Users\Poonam Jha\.m2\repository\joda-time\joda-time\2.3\joda-time-2.3.jar;C:\Users\Poonam Jha\.m2\repository\com\googlecode\libphonenumber\libphonenumber\6.2\libphonenumber-6.2.jar;C:\Users\Poonam Jha\.m2\repository\com\github\fge\json-schema-core\1.2.5\json-schema-core-1.2.5.jar;C:\Users\Poonam Jha\.m2\repository\com\github\fge\uri-template\0.9\uri-template-0.9.jar;C:\Users\Poonam Jha\.m2\repository\com\github\fge\msg-simple\1.1\msg-simple-1.1.jar;C:\Users\Poonam Jha\.m2\repository\com\github\fge\btf\1.2\btf-1.2.jar;C:\Users\Poonam Jha\.m2\repository\com\github\fge\jackson-coreutils\1.8\jackson-coreutils-1.8.jar;C:\Users\Poonam Jha\.m2\repository\com\fasterxml\jackson\core\jackson-databind\2.2.3\jackson-databind-2.2.3.jar;C:\Users\Poonam Jha\.m2\repository\com\fasterxml\jackson\core\jackson-annotations\2.2.3\jackson-annotations-2.2.3.jar;C:\Users\Poonam Jha\.m2\repository\org\mozilla\rhino\1.7R4\rhino-1.7R4.jar;C:\Users\Poonam Jha\.m2\repository\javax\mail\mailapi\1.4.3\mailapi-1.4.3.jar;C:\Users\Poonam Jha\.m2\repository\net\sf\jopt-simple\jopt-simple\4.6\jopt-simple-4.6.jar;C:\Users\Poonam Jha\.m2\repository\com\google\code\gson\gson\2.8.0\gson-2.8.0.jar;C:\Users\Poonam Jha\.m2\repository\mysql\mysql-connector-java\5.1.20\mysql-connector-java-5.1.20.jar;C:\Users\Poonam Jha\.m2\repository\redis\clients\jedis\2.8.1\jedis-2.8.1.jar;C:\Users\Poonam Jha\.m2\repository\org\apache\commons\commons-pool2\2.4.2\commons-pool2-2.4.2.jar;C:\Users\Poonam Jha\.m2\repository\com\opencsv\opencsv\4.2\opencsv-4.2.jar;C:\Users\Poonam Jha\.m2\repository\org\apache\commons\commons-text\1.3\commons-text-1.3.jar;C:\Users\Poonam Jha\.m2\repository\commons-beanutils\commons-beanutils\1.9.3\commons-beanutils-1.9.3.jar;C:\Users\Poonam Jha\.m2\repository\com\beust\jcommander\1.7\jcommander-1.7.jar;C:\Users\Poonam Jha\.m2\repository\org\apache\commons\commons-lang3\3.8.1\commons-lang3-3.8.1.jar;C:\Users\Poonam Jha\.m2\repository\org\elasticsearch\client\transport\5.1.2\transport-5.1.2.jar;C:\Users\Poonam Jha\.m2\repository\org\elasticsearch\elasticsearch\5.1.2\elasticsearch-5.1.2.jar;C:\Users\Poonam Jha\.m2\repository\org\apache\lucene\lucene-core\6.3.0\lucene-core-6.3.0.jar;C:\Users\Poonam Jha\.m2\repository\org\apache\lucene\lucene-analyzers-common\6.3.0\lucene-analyzers-common-6.3.0.jar;C:\Users\Poonam Jha\.m2\repository\org\apache\lucene\lucene-backward-codecs\6.3.0\lucene-backward-codecs-6.3.0.jar;C:\Users\Poonam Jha\.m2\repository\org\apache\lucene\lucene-grouping\6.3.0\lucene-grouping-6.3.0.jar;C:\Users\Poonam Jha\.m2\repository\org\apache\lucene\lucene-highlighter\6.3.0\lucene-highlighter-6.3.0.jar;C:\Users\Poonam Jha\.m2\repository\org\apache\lucene\lucene-join\6.3.0\lucene-join-6.3.0.jar;C:\Users\Poonam Jha\.m2\repository\org\apache\lucene\lucene-memory\6.3.0\lucene-memory-6.3.0.jar;C:\Users\Poonam Jha\.m2\repository\org\apache\lucene\lucene-misc\6.3.0\lucene-misc-6.3.0.jar;C:\Users\Poonam Jha\.m2\repository\org\apache\lucene\lucene-queries\6.3.0\lucene-queries-6.3.0.jar;C:\Users\Poonam Jha\.m2\repository\org\apache\lucene\lucene-queryparser\6.3.0\lucene-queryparser-6.3.0.jar;C:\Users\Poonam Jha\.m2\repository\org\apache\lucene\lucene-sandbox\6.3.0\lucene-sandbox-6.3.0.jar;C:\Users\Poonam Jha\.m2\repository\org\apache\lucene\lucene-spatial\6.3.0\lucene-spatial-6.3.0.jar;C:\Users\Poonam Jha\.m2\repository\org\apache\lucene\lucene-spatial-extras\6.3.0\lucene-spatial-extras-6.3.0.jar;C:\Users\Poonam Jha\.m2\repository\org\apache\lucene\lucene-spatial3d\6.3.0\lucene-spatial3d-6.3.0.jar;C:\Users\Poonam Jha\.m2\repository\org\apache\lucene\lucene-suggest\6.3.0\lucene-suggest-6.3.0.jar;C:\Users\Poonam Jha\.m2\repository\org\elasticsearch\securesm\1.1\securesm-1.1.jar;C:\Users\Poonam Jha\.m2\repository\com\carrotsearch\hppc\0.7.1\hppc-0.7.1.jar;C:\Users\Poonam Jha\.m2\repository\com\fasterxml\jackson\core\jackson-core\2.8.1\jackson-core-2.8.1.jar;C:\Users\Poonam Jha\.m2\repository\com\fasterxml\jackson\dataformat\jackson-dataformat-smile\2.8.1\jackson-dataformat-smile-2.8.1.jar;C:\Users\Poonam Jha\.m2\repository\com\fasterxml\jackson\dataformat\jackson-dataformat-yaml\2.8.1\jackson-dataformat-yaml-2.8.1.jar;C:\Users\Poonam Jha\.m2\repository\com\fasterxml\jackson\dataformat\jackson-dataformat-cbor\2.8.1\jackson-dataformat-cbor-2.8.1.jar;C:\Users\Poonam Jha\.m2\repository\com\tdunning\t-digest\3.0\t-digest-3.0.jar;C:\Users\Poonam Jha\.m2\repository\org\hdrhistogram\HdrHistogram\2.1.6\HdrHistogram-2.1.6.jar;C:\Users\Poonam Jha\.m2\repository\net\java\dev\jna\jna\4.2.2\jna-4.2.2.jar;C:\Users\Poonam Jha\.m2\repository\org\elasticsearch\plugin\transport-netty3-client\5.1.2\transport-netty3-client-5.1.2.jar;C:\Users\Poonam Jha\.m2\repository\io\netty\netty\3.10.6.Final\netty-3.10.6.Final.jar;C:\Users\Poonam Jha\.m2\repository\org\elasticsearch\plugin\transport-netty4-client\5.1.2\transport-netty4-client-5.1.2.jar;C:\Users\Poonam Jha\.m2\repository\io\netty\netty-buffer\4.1.6.Final\netty-buffer-4.1.6.Final.jar;C:\Users\Poonam Jha\.m2\repository\io\netty\netty-codec\4.1.6.Final\netty-codec-4.1.6.Final.jar;C:\Users\Poonam Jha\.m2\repository\io\netty\netty-codec-http\4.1.6.Final\netty-codec-http-4.1.6.Final.jar;C:\Users\Poonam Jha\.m2\repository\io\netty\netty-common\4.1.6.Final\netty-common-4.1.6.Final.jar;C:\Users\Poonam Jha\.m2\repository\io\netty\netty-handler\4.1.6.Final\netty-handler-4.1.6.Final.jar;C:\Users\Poonam Jha\.m2\repository\io\netty\netty-resolver\4.1.6.Final\netty-resolver-4.1.6.Final.jar;C:\Users\Poonam Jha\.m2\repository\io\netty\netty-transport\4.1.6.Final\netty-transport-4.1.6.Final.jar;C:\Users\Poonam Jha\.m2\repository\org\elasticsearch\plugin\reindex-client\5.1.2\reindex-client-5.1.2.jar;C:\Users\Poonam Jha\.m2\repository\org\elasticsearch\client\rest\5.1.2\rest-5.1.2.jar;C:\Users\Poonam Jha\.m2\repository\org\apache\httpcomponents\httpasyncclient\4.1.2\httpasyncclient-4.1.2.jar;C:\Users\Poonam Jha\.m2\repository\org\apache\httpcomponents\httpcore-nio\4.4.5\httpcore-nio-4.4.5.jar;C:\Users\Poonam Jha\.m2\repository\org\elasticsearch\plugin\lang-mustache-client\5.1.2\lang-mustache-client-5.1.2.jar;C:\Users\Poonam Jha\.m2\repository\com\github\spullara\mustache\java\compiler\0.9.3\compiler-0.9.3.jar;C:\Users\Poonam Jha\.m2\repository\org\elasticsearch\plugin\percolator-client\5.1.2\percolator-client-5.1.2.jar;C:\Users\Poonam Jha\.m2\repository\org\hibernate\hibernate-c3p0\3.3.0.GA\hibernate-c3p0-3.3.0.GA.jar;C:\Users\Poonam Jha\.m2\repository\c3p0\c3p0\0.9.1\c3p0-0.9.1.jar;C:\Users\Poonam Jha\.m2\repository\org\hibernate\hibernate-core\3.6.4.Final\hibernate-core-3.6.4.Final.jar;C:\Users\Poonam Jha\.m2\repository\antlr\antlr\2.7.6\antlr-2.7.6.jar;C:\Users\Poonam Jha\.m2\repository\commons-collections\commons-collections\3.1\commons-collections-3.1.jar;C:\Users\Poonam Jha\.m2\repository\dom4j\dom4j\1.6.1\dom4j-1.6.1.jar;C:\Users\Poonam Jha\.m2\repository\org\hibernate\hibernate-commons-annotations\3.2.0.Final\hibernate-commons-annotations-3.2.0.Final.jar;C:\Users\Poonam Jha\.m2\repository\javax\transaction\jta\1.1\jta-1.1.jar;C:\Users\Poonam Jha\.m2\repository\org\hibernate\javax\persistence\hibernate-jpa-2.0-api\1.0.1.Final\hibernate-jpa-2.0-api-1.0.1.Final.jar;C:\Users\Poonam Jha\.m2\repository\javassist\javassist\3.12.1.GA\javassist-3.12.1.GA.jar;C:\Users\Poonam Jha\.m2\repository\org\slf4j\slf4j-api\1.5.6\slf4j-api-1.5.6.jar;C:\Users\Poonam Jha\.m2\repository\org\slf4j\slf4j-log4j12\1.5.6\slf4j-log4j12-1.5.6.jar;C:\Users\Poonam Jha\poonam\com.smarteinc.automation\lib\smarte-commons-utility-1.0.jar;C:\Users\Poonam Jha\poonam\com.smarteinc.automation\lib\smarte-services-1.0.jar;C:\Users\Poonam Jha\.m2\repository\org\apache\maven\surefire\surefire-testng-utils\2.22.0\surefire-testng-utils-2.22.0.jar;C:\Users\Poonam Jha\.m2\repository\org\apache\maven\surefire\surefire-grouper\2.22.0\surefire-grouper-2.22.0.jar;"/>
    <property name="java.vm.vendor" value="Oracle Corporation"/>
    <property name="sun.arch.data.model" value="64"/>
    <property name="user.variant" value=""/>
    <property name="java.vendor.url" value="http://java.oracle.com/"/>
    <property name="user.timezone" value="Asia/Calcutta"/>
    <property name="java.vm.specification.version" value="1.8"/>
    <property name="os.name" value="Windows 10"/>
    <property name="user.country" value="US"/>
    <property name="sun.java.launcher" value="SUN_STANDARD"/>
    <property name="sun.boot.library.path" value="C:\Program Files\Java\jdk1.8.0_231\jre\bin"/>
    <property name="sun.java.command" value="C:\Users\POONAM~1\AppData\Local\Temp\surefire3569336867169686171\surefirebooter6490015212464158222.jar C:\Users\Poonam Jha\AppData\Local\Temp\surefire3569336867169686171 2020-01-26T10-27-51_740-jvmRun1 surefire1060730367463818647tmp surefire_04483639894061217455tmp"/>
    <property name="surefire.test.class.path" value="C:\Users\Poonam Jha\poonam\com.smarteinc.automation\target\test-classes;C:\Users\Poonam Jha\poonam\com.smarteinc.automation\target\classes;C:\Users\Poonam Jha\.m2\repository\com\googlecode\json-simple\json-simple\1.1.1\json-simple-1.1.1.jar;C:\Users\Poonam Jha\.m2\repository\junit\junit\4.10\junit-4.10.jar;C:\Users\Poonam Jha\.m2\repository\javax\mail\mail\1.4.7\mail-1.4.7.jar;C:\Users\Poonam Jha\.m2\repository\javax\activation\activation\1.1\activation-1.1.jar;C:\Users\Poonam Jha\.m2\repository\io\appium\java-client\4.1.2\java-client-4.1.2.jar;C:\Users\Poonam Jha\.m2\repository\org\apache\httpcomponents\httpclient\4.5.2\httpclient-4.5.2.jar;C:\Users\Poonam Jha\.m2\repository\org\apache\httpcomponents\httpcore\4.4.4\httpcore-4.4.4.jar;C:\Users\Poonam Jha\.m2\repository\commons-logging\commons-logging\1.2\commons-logging-1.2.jar;C:\Users\Poonam Jha\.m2\repository\commons-validator\commons-validator\1.5.1\commons-validator-1.5.1.jar;C:\Users\Poonam Jha\.m2\repository\commons-digester\commons-digester\1.8.1\commons-digester-1.8.1.jar;C:\Users\Poonam Jha\.m2\repository\cglib\cglib-nodep\3.2.4\cglib-nodep-3.2.4.jar;C:\Users\Poonam Jha\.m2\repository\org\springframework\spring-context\4.3.2.RELEASE\spring-context-4.3.2.RELEASE.jar;C:\Users\Poonam Jha\.m2\repository\org\springframework\spring-aop\4.3.2.RELEASE\spring-aop-4.3.2.RELEASE.jar;C:\Users\Poonam Jha\.m2\repository\org\springframework\spring-beans\4.3.2.RELEASE\spring-beans-4.3.2.RELEASE.jar;C:\Users\Poonam Jha\.m2\repository\org\springframework\spring-core\4.3.2.RELEASE\spring-core-4.3.2.RELEASE.jar;C:\Users\Poonam Jha\.m2\repository\org\springframework\spring-expression\4.3.2.RELEASE\spring-expression-4.3.2.RELEASE.jar;C:\Users\Poonam Jha\.m2\repository\org\aspectj\aspectjweaver\1.8.9\aspectjweaver-1.8.9.jar;C:\Users\Poonam Jha\.m2\repository\org\seleniumhq\selenium\selenium-java\3.1.0\selenium-java-3.1.0.jar;C:\Users\Poonam Jha\.m2\repository\org\seleniumhq\selenium\selenium-edge-driver\3.1.0\selenium-edge-driver-3.1.0.jar;C:\Users\Poonam Jha\.m2\repository\org\seleniumhq\selenium\selenium-opera-driver\3.1.0\selenium-opera-driver-3.1.0.jar;C:\Users\Poonam Jha\.m2\repository\org\seleniumhq\selenium\selenium-safari-driver\3.1.0\selenium-safari-driver-3.1.0.jar;C:\Users\Poonam Jha\.m2\repository\org\seleniumhq\selenium\selenium-support\3.1.0\selenium-support-3.1.0.jar;C:\Users\Poonam Jha\.m2\repository\net\sourceforge\htmlunit\htmlunit\2.23\htmlunit-2.23.jar;C:\Users\Poonam Jha\.m2\repository\xalan\xalan\2.7.2\xalan-2.7.2.jar;C:\Users\Poonam Jha\.m2\repository\xalan\serializer\2.7.2\serializer-2.7.2.jar;C:\Users\Poonam Jha\.m2\repository\net\sourceforge\htmlunit\htmlunit-core-js\2.23\htmlunit-core-js-2.23.jar;C:\Users\Poonam Jha\.m2\repository\net\sourceforge\htmlunit\neko-htmlunit\2.23\neko-htmlunit-2.23.jar;C:\Users\Poonam Jha\.m2\repository\xerces\xercesImpl\2.11.0\xercesImpl-2.11.0.jar;C:\Users\Poonam Jha\.m2\repository\xml-apis\xml-apis\1.4.01\xml-apis-1.4.01.jar;C:\Users\Poonam Jha\.m2\repository\net\sourceforge\cssparser\cssparser\0.9.20\cssparser-0.9.20.jar;C:\Users\Poonam Jha\.m2\repository\org\w3c\css\sac\1.3\sac-1.3.jar;C:\Users\Poonam Jha\.m2\repository\commons-io\commons-io\2.5\commons-io-2.5.jar;C:\Users\Poonam Jha\.m2\repository\com\codeborne\phantomjsdriver\1.3.0\phantomjsdriver-1.3.0.jar;C:\Users\Poonam Jha\.m2\repository\org\eclipse\jetty\websocket\websocket-client\9.2.15.v20160210\websocket-client-9.2.15.v20160210.jar;C:\Users\Poonam Jha\.m2\repository\org\eclipse\jetty\jetty-util\9.2.15.v20160210\jetty-util-9.2.15.v20160210.jar;C:\Users\Poonam Jha\.m2\repository\org\eclipse\jetty\jetty-io\9.2.15.v20160210\jetty-io-9.2.15.v20160210.jar;C:\Users\Poonam Jha\.m2\repository\org\eclipse\jetty\websocket\websocket-common\9.2.15.v20160210\websocket-common-9.2.15.v20160210.jar;C:\Users\Poonam Jha\.m2\repository\org\eclipse\jetty\websocket\websocket-api\9.2.15.v20160210\websocket-api-9.2.15.v20160210.jar;C:\Users\Poonam Jha\.m2\repository\org\seleniumhq\selenium\selenium-firefox-driver\3.1.0\selenium-firefox-driver-3.1.0.jar;C:\Users\Poonam Jha\.m2\repository\org\seleniumhq\selenium\selenium-remote-driver\3.1.0\selenium-remote-driver-3.1.0.jar;C:\Users\Poonam Jha\.m2\repository\org\seleniumhq\selenium\selenium-api\3.1.0\selenium-api-3.1.0.jar;C:\Users\Poonam Jha\.m2\repository\org\apache\commons\commons-exec\1.3\commons-exec-1.3.jar;C:\Users\Poonam Jha\.m2\repository\net\java\dev\jna\jna-platform\4.1.0\jna-platform-4.1.0.jar;C:\Users\Poonam Jha\.m2\repository\org\seleniumhq\selenium\selenium-chrome-driver\3.1.0\selenium-chrome-driver-3.1.0.jar;C:\Users\Poonam Jha\.m2\repository\org\seleniumhq\selenium\selenium-ie-driver\3.1.0\selenium-ie-driver-3.1.0.jar;C:\Users\Poonam Jha\.m2\repository\com\google\guava\guava\21.0\guava-21.0.jar;C:\Users\Poonam Jha\.m2\repository\com\github\detro\ghostdriver\phantomjsdriver\1.0.1\phantomjsdriver-1.0.1.jar;C:\Users\Poonam Jha\.m2\repository\org\seleniumhq\selenium\selenium-server\2.28.0\selenium-server-2.28.0.jar;C:\Users\Poonam Jha\.m2\repository\org\bouncycastle\bcprov-jdk15on\1.47\bcprov-jdk15on-1.47.jar;C:\Users\Poonam Jha\.m2\repository\org\bouncycastle\bcpkix-jdk15on\1.47\bcpkix-jdk15on-1.47.jar;C:\Users\Poonam Jha\.m2\repository\mx4j\mx4j-tools\3.0.1\mx4j-tools-3.0.1.jar;C:\Users\Poonam Jha\.m2\repository\org\mortbay\jetty\servlet-api-2.5\6.1.9\servlet-api-2.5-6.1.9.jar;C:\Users\Poonam Jha\.m2\repository\org\seleniumhq\selenium\jetty-repacked\7.6.1\jetty-repacked-7.6.1.jar;C:\Users\Poonam Jha\.m2\repository\net\jcip\jcip-annotations\1.0\jcip-annotations-1.0.jar;C:\Users\Poonam Jha\.m2\repository\org\yaml\snakeyaml\1.8\snakeyaml-1.8.jar;C:\Users\Poonam Jha\.m2\repository\log4j\log4j\1.2.17\log4j-1.2.17.jar;C:\Users\Poonam Jha\.m2\repository\org\apache\logging\log4j\log4j-api\2.11.1\log4j-api-2.11.1.jar;C:\Users\Poonam Jha\.m2\repository\org\apache\logging\log4j\log4j-core\2.11.1\log4j-core-2.11.1.jar;C:\Users\Poonam Jha\.m2\repository\org\testng\testng\6.14.3\testng-6.14.3.jar;C:\Users\Poonam Jha\.m2\repository\org\apache-extras\beanshell\bsh\2.0b6\bsh-2.0b6.jar;C:\Users\Poonam Jha\.m2\repository\org\apache\commons\commons-csv\1.7\commons-csv-1.7.jar;C:\Users\Poonam Jha\.m2\repository\com\aventstack\extentreports\4.0.9\extentreports-4.0.9.jar;C:\Users\Poonam Jha\.m2\repository\org\freemarker\freemarker\2.3.23\freemarker-2.3.23.jar;C:\Users\Poonam Jha\.m2\repository\org\mongodb\mongodb-driver\3.3.0\mongodb-driver-3.3.0.jar;C:\Users\Poonam Jha\.m2\repository\org\mongodb\mongodb-driver-core\3.3.0\mongodb-driver-core-3.3.0.jar;C:\Users\Poonam Jha\.m2\repository\org\mongodb\bson\3.3.0\bson-3.3.0.jar;C:\Users\Poonam Jha\.m2\repository\org\apache\httpcomponents\httpmime\4.5.2\httpmime-4.5.2.jar;C:\Users\Poonam Jha\.m2\repository\org\apache\poi\poi\3.17\poi-3.17.jar;C:\Users\Poonam Jha\.m2\repository\commons-codec\commons-codec\1.10\commons-codec-1.10.jar;C:\Users\Poonam Jha\.m2\repository\org\apache\commons\commons-collections4\4.1\commons-collections4-4.1.jar;C:\Users\Poonam Jha\.m2\repository\org\apache\poi\poi-ooxml\3.17\poi-ooxml-3.17.jar;C:\Users\Poonam Jha\.m2\repository\org\apache\poi\poi-ooxml-schemas\3.17\poi-ooxml-schemas-3.17.jar;C:\Users\Poonam Jha\.m2\repository\org\apache\xmlbeans\xmlbeans\2.6.0\xmlbeans-2.6.0.jar;C:\Users\Poonam Jha\.m2\repository\stax\stax-api\1.0.1\stax-api-1.0.1.jar;C:\Users\Poonam Jha\.m2\repository\com\github\virtuald\curvesapi\1.04\curvesapi-1.04.jar;C:\Users\Poonam Jha\.m2\repository\com\jayway\restassured\rest-assured\2.9.0\rest-assured-2.9.0.jar;C:\Users\Poonam Jha\.m2\repository\org\codehaus\groovy\groovy\2.4.4\groovy-2.4.4.jar;C:\Users\Poonam Jha\.m2\repository\org\codehaus\groovy\groovy-xml\2.4.4\groovy-xml-2.4.4.jar;C:\Users\Poonam Jha\.m2\repository\org\hamcrest\hamcrest-core\1.3\hamcrest-core-1.3.jar;C:\Users\Poonam Jha\.m2\repository\org\hamcrest\hamcrest-library\1.3\hamcrest-library-1.3.jar;C:\Users\Poonam Jha\.m2\repository\org\ccil\cowan\tagsoup\tagsoup\1.2.1\tagsoup-1.2.1.jar;C:\Users\Poonam Jha\.m2\repository\com\jayway\restassured\json-path\2.9.0\json-path-2.9.0.jar;C:\Users\Poonam Jha\.m2\repository\org\codehaus\groovy\groovy-json\2.4.4\groovy-json-2.4.4.jar;C:\Users\Poonam Jha\.m2\repository\com\jayway\restassured\rest-assured-common\2.9.0\rest-assured-common-2.9.0.jar;C:\Users\Poonam Jha\.m2\repository\com\jayway\restassured\xml-path\2.9.0\xml-path-2.9.0.jar;C:\Users\Poonam Jha\.m2\repository\com\jayway\restassured\json-schema-validator\2.9.0\json-schema-validator-2.9.0.jar;C:\Users\Poonam Jha\.m2\repository\com\github\fge\json-schema-validator\2.2.6\json-schema-validator-2.2.6.jar;C:\Users\Poonam Jha\.m2\repository\com\google\code\findbugs\jsr305\3.0.0\jsr305-3.0.0.jar;C:\Users\Poonam Jha\.m2\repository\joda-time\joda-time\2.3\joda-time-2.3.jar;C:\Users\Poonam Jha\.m2\repository\com\googlecode\libphonenumber\libphonenumber\6.2\libphonenumber-6.2.jar;C:\Users\Poonam Jha\.m2\repository\com\github\fge\json-schema-core\1.2.5\json-schema-core-1.2.5.jar;C:\Users\Poonam Jha\.m2\repository\com\github\fge\uri-template\0.9\uri-template-0.9.jar;C:\Users\Poonam Jha\.m2\repository\com\github\fge\msg-simple\1.1\msg-simple-1.1.jar;C:\Users\Poonam Jha\.m2\repository\com\github\fge\btf\1.2\btf-1.2.jar;C:\Users\Poonam Jha\.m2\repository\com\github\fge\jackson-coreutils\1.8\jackson-coreutils-1.8.jar;C:\Users\Poonam Jha\.m2\repository\com\fasterxml\jackson\core\jackson-databind\2.2.3\jackson-databind-2.2.3.jar;C:\Users\Poonam Jha\.m2\repository\com\fasterxml\jackson\core\jackson-annotations\2.2.3\jackson-annotations-2.2.3.jar;C:\Users\Poonam Jha\.m2\repository\org\mozilla\rhino\1.7R4\rhino-1.7R4.jar;C:\Users\Poonam Jha\.m2\repository\javax\mail\mailapi\1.4.3\mailapi-1.4.3.jar;C:\Users\Poonam Jha\.m2\repository\net\sf\jopt-simple\jopt-simple\4.6\jopt-simple-4.6.jar;C:\Users\Poonam Jha\.m2\repository\com\google\code\gson\gson\2.8.0\gson-2.8.0.jar;C:\Users\Poonam Jha\.m2\repository\mysql\mysql-connector-java\5.1.20\mysql-connector-java-5.1.20.jar;C:\Users\Poonam Jha\.m2\repository\redis\clients\jedis\2.8.1\jedis-2.8.1.jar;C:\Users\Poonam Jha\.m2\repository\org\apache\commons\commons-pool2\2.4.2\commons-pool2-2.4.2.jar;C:\Users\Poonam Jha\.m2\repository\com\opencsv\opencsv\4.2\opencsv-4.2.jar;C:\Users\Poonam Jha\.m2\repository\org\apache\commons\commons-text\1.3\commons-text-1.3.jar;C:\Users\Poonam Jha\.m2\repository\commons-beanutils\commons-beanutils\1.9.3\commons-beanutils-1.9.3.jar;C:\Users\Poonam Jha\.m2\repository\com\beust\jcommander\1.7\jcommander-1.7.jar;C:\Users\Poonam Jha\.m2\repository\org\apache\commons\commons-lang3\3.8.1\commons-lang3-3.8.1.jar;C:\Users\Poonam Jha\.m2\repository\org\elasticsearch\client\transport\5.1.2\transport-5.1.2.jar;C:\Users\Poonam Jha\.m2\repository\org\elasticsearch\elasticsearch\5.1.2\elasticsearch-5.1.2.jar;C:\Users\Poonam Jha\.m2\repository\org\apache\lucene\lucene-core\6.3.0\lucene-core-6.3.0.jar;C:\Users\Poonam Jha\.m2\repository\org\apache\lucene\lucene-analyzers-common\6.3.0\lucene-analyzers-common-6.3.0.jar;C:\Users\Poonam Jha\.m2\repository\org\apache\lucene\lucene-backward-codecs\6.3.0\lucene-backward-codecs-6.3.0.jar;C:\Users\Poonam Jha\.m2\repository\org\apache\lucene\lucene-grouping\6.3.0\lucene-grouping-6.3.0.jar;C:\Users\Poonam Jha\.m2\repository\org\apache\lucene\lucene-highlighter\6.3.0\lucene-highlighter-6.3.0.jar;C:\Users\Poonam Jha\.m2\repository\org\apache\lucene\lucene-join\6.3.0\lucene-join-6.3.0.jar;C:\Users\Poonam Jha\.m2\repository\org\apache\lucene\lucene-memory\6.3.0\lucene-memory-6.3.0.jar;C:\Users\Poonam Jha\.m2\repository\org\apache\lucene\lucene-misc\6.3.0\lucene-misc-6.3.0.jar;C:\Users\Poonam Jha\.m2\repository\org\apache\lucene\lucene-queries\6.3.0\lucene-queries-6.3.0.jar;C:\Users\Poonam Jha\.m2\repository\org\apache\lucene\lucene-queryparser\6.3.0\lucene-queryparser-6.3.0.jar;C:\Users\Poonam Jha\.m2\repository\org\apache\lucene\lucene-sandbox\6.3.0\lucene-sandbox-6.3.0.jar;C:\Users\Poonam Jha\.m2\repository\org\apache\lucene\lucene-spatial\6.3.0\lucene-spatial-6.3.0.jar;C:\Users\Poonam Jha\.m2\repository\org\apache\lucene\lucene-spatial-extras\6.3.0\lucene-spatial-extras-6.3.0.jar;C:\Users\Poonam Jha\.m2\repository\org\apache\lucene\lucene-spatial3d\6.3.0\lucene-spatial3d-6.3.0.jar;C:\Users\Poonam Jha\.m2\repository\org\apache\lucene\lucene-suggest\6.3.0\lucene-suggest-6.3.0.jar;C:\Users\Poonam Jha\.m2\repository\org\elasticsearch\securesm\1.1\securesm-1.1.jar;C:\Users\Poonam Jha\.m2\repository\com\carrotsearch\hppc\0.7.1\hppc-0.7.1.jar;C:\Users\Poonam Jha\.m2\repository\com\fasterxml\jackson\core\jackson-core\2.8.1\jackson-core-2.8.1.jar;C:\Users\Poonam Jha\.m2\repository\com\fasterxml\jackson\dataformat\jackson-dataformat-smile\2.8.1\jackson-dataformat-smile-2.8.1.jar;C:\Users\Poonam Jha\.m2\repository\com\fasterxml\jackson\dataformat\jackson-dataformat-yaml\2.8.1\jackson-dataformat-yaml-2.8.1.jar;C:\Users\Poonam Jha\.m2\repository\com\fasterxml\jackson\dataformat\jackson-dataformat-cbor\2.8.1\jackson-dataformat-cbor-2.8.1.jar;C:\Users\Poonam Jha\.m2\repository\com\tdunning\t-digest\3.0\t-digest-3.0.jar;C:\Users\Poonam Jha\.m2\repository\org\hdrhistogram\HdrHistogram\2.1.6\HdrHistogram-2.1.6.jar;C:\Users\Poonam Jha\.m2\repository\net\java\dev\jna\jna\4.2.2\jna-4.2.2.jar;C:\Users\Poonam Jha\.m2\repository\org\elasticsearch\plugin\transport-netty3-client\5.1.2\transport-netty3-client-5.1.2.jar;C:\Users\Poonam Jha\.m2\repository\io\netty\netty\3.10.6.Final\netty-3.10.6.Final.jar;C:\Users\Poonam Jha\.m2\repository\org\elasticsearch\plugin\transport-netty4-client\5.1.2\transport-netty4-client-5.1.2.jar;C:\Users\Poonam Jha\.m2\repository\io\netty\netty-buffer\4.1.6.Final\netty-buffer-4.1.6.Final.jar;C:\Users\Poonam Jha\.m2\repository\io\netty\netty-codec\4.1.6.Final\netty-codec-4.1.6.Final.jar;C:\Users\Poonam Jha\.m2\repository\io\netty\netty-codec-http\4.1.6.Final\netty-codec-http-4.1.6.Final.jar;C:\Users\Poonam Jha\.m2\repository\io\netty\netty-common\4.1.6.Final\netty-common-4.1.6.Final.jar;C:\Users\Poonam Jha\.m2\repository\io\netty\netty-handler\4.1.6.Final\netty-handler-4.1.6.Final.jar;C:\Users\Poonam Jha\.m2\repository\io\netty\netty-resolver\4.1.6.Final\netty-resolver-4.1.6.Final.jar;C:\Users\Poonam Jha\.m2\repository\io\netty\netty-transport\4.1.6.Final\netty-transport-4.1.6.Final.jar;C:\Users\Poonam Jha\.m2\repository\org\elasticsearch\plugin\reindex-client\5.1.2\reindex-client-5.1.2.jar;C:\Users\Poonam Jha\.m2\repository\org\elasticsearch\client\rest\5.1.2\rest-5.1.2.jar;C:\Users\Poonam Jha\.m2\repository\org\apache\httpcomponents\httpasyncclient\4.1.2\httpasyncclient-4.1.2.jar;C:\Users\Poonam Jha\.m2\repository\org\apache\httpcomponents\httpcore-nio\4.4.5\httpcore-nio-4.4.5.jar;C:\Users\Poonam Jha\.m2\repository\org\elasticsearch\plugin\lang-mustache-client\5.1.2\lang-mustache-client-5.1.2.jar;C:\Users\Poonam Jha\.m2\repository\com\github\spullara\mustache\java\compiler\0.9.3\compiler-0.9.3.jar;C:\Users\Poonam Jha\.m2\repository\org\elasticsearch\plugin\percolator-client\5.1.2\percolator-client-5.1.2.jar;C:\Users\Poonam Jha\.m2\repository\org\hibernate\hibernate-c3p0\3.3.0.GA\hibernate-c3p0-3.3.0.GA.jar;C:\Users\Poonam Jha\.m2\repository\c3p0\c3p0\0.9.1\c3p0-0.9.1.jar;C:\Users\Poonam Jha\.m2\repository\org\hibernate\hibernate-core\3.6.4.Final\hibernate-core-3.6.4.Final.jar;C:\Users\Poonam Jha\.m2\repository\antlr\antlr\2.7.6\antlr-2.7.6.jar;C:\Users\Poonam Jha\.m2\repository\commons-collections\commons-collections\3.1\commons-collections-3.1.jar;C:\Users\Poonam Jha\.m2\repository\dom4j\dom4j\1.6.1\dom4j-1.6.1.jar;C:\Users\Poonam Jha\.m2\repository\org\hibernate\hibernate-commons-annotations\3.2.0.Final\hibernate-commons-annotations-3.2.0.Final.jar;C:\Users\Poonam Jha\.m2\repository\javax\transaction\jta\1.1\jta-1.1.jar;C:\Users\Poonam Jha\.m2\repository\org\hibernate\javax\persistence\hibernate-jpa-2.0-api\1.0.1.Final\hibernate-jpa-2.0-api-1.0.1.Final.jar;C:\Users\Poonam Jha\.m2\repository\javassist\javassist\3.12.1.GA\javassist-3.12.1.GA.jar;C:\Users\Poonam Jha\.m2\repository\org\slf4j\slf4j-api\1.5.6\slf4j-api-1.5.6.jar;C:\Users\Poonam Jha\.m2\repository\org\slf4j\slf4j-log4j12\1.5.6\slf4j-log4j12-1.5.6.jar;C:\Users\Poonam Jha\poonam\com.smarteinc.automation\lib\smarte-commons-utility-1.0.jar;C:\Users\Poonam Jha\poonam\com.smarteinc.automation\lib\smarte-services-1.0.jar;C:\Users\Poonam Jha\.m2\repository\org\apache\maven\surefire\surefire-testng-utils\2.22.0\surefire-testng-utils-2.22.0.jar;C:\Users\Poonam Jha\.m2\repository\org\apache\maven\surefire\surefire-grouper\2.22.0\surefire-grouper-2.22.0.jar;"/>
    <property name="sun.cpu.endian" value="little"/>
    <property name="user.home" value="C:\Users\Poonam Jha"/>
    <property name="user.language" value="en"/>
    <property name="java.specification.vendor" value="Oracle Corporation"/>
    <property name="java.home" value="C:\Program Files\Java\jdk1.8.0_231\jre"/>
    <property name="basedir" value="C:\Users\Poonam Jha\poonam\com.smarteinc.automation"/>
    <property name="file.separator" value="\"/>
    <property name="line.separator" value="&#10;"/>
    <property name="java.vm.specification.vendor" value="Oracle Corporation"/>
    <property name="java.specification.name" value="Java Platform API Specification"/>
    <property name="java.awt.graphicsenv" value="sun.awt.Win32GraphicsEnvironment"/>
    <property name="surefire.real.class.path" value="C:\Users\POONAM~1\AppData\Local\Temp\surefire3569336867169686171\surefirebooter6490015212464158222.jar"/>
    <property name="sun.boot.class.path" value="C:\Program Files\Java\jdk1.8.0_231\jre\lib\resources.jar;C:\Program Files\Java\jdk1.8.0_231\jre\lib\rt.jar;C:\Program Files\Java\jdk1.8.0_231\jre\lib\sunrsasign.jar;C:\Program Files\Java\jdk1.8.0_231\jre\lib\jsse.jar;C:\Program Files\Java\jdk1.8.0_231\jre\lib\jce.jar;C:\Program Files\Java\jdk1.8.0_231\jre\lib\charsets.jar;C:\Program Files\Java\jdk1.8.0_231\jre\lib\jfr.jar;C:\Program Files\Java\jdk1.8.0_231\jre\classes"/>
    <property name="user.script" value=""/>
    <property name="sun.management.compiler" value="HotSpot 64-Bit Tiered Compilers"/>
    <property name="java.runtime.version" value="1.8.0_231-b11"/>
    <property name="user.name" value="Poonam Jha"/>
    <property name="path.separator" value=";"/>
    <property name="os.version" value="10.0"/>
    <property name="java.endorsed.dirs" value="C:\Program Files\Java\jdk1.8.0_231\jre\lib\endorsed"/>
    <property name="java.runtime.name" value="Java(TM) SE Runtime Environment"/>
    <property name="file.encoding" value="Cp1252"/>
    <property name="java.vm.name" value="Java HotSpot(TM) 64-Bit Server VM"/>
    <property name="localRepository" value="C:\Users\Poonam Jha\.m2\repository"/>
    <property name="java.vendor.url.bug" value="http://bugreport.sun.com/bugreport/"/>
    <property name="java.io.tmpdir" value="C:\Users\POONAM~1\AppData\Local\Temp\"/>
    <property name="java.version" value="1.8.0_231"/>
    <property name="user.dir" value="C:\Users\Poonam Jha\poonam\com.smarteinc.automation"/>
    <property name="os.arch" value="amd64"/>
    <property name="java.vm.specification.name" value="Java Virtual Machine Specification"/>
    <property name="java.awt.printerjob" value="sun.awt.windows.WPrinterJob"/>
    <property name="sun.os.patch.level" value=""/>
    <property name="java.library.path" value="C:\Program Files\Java\jdk1.8.0_231\jre\bin;C:\WINDOWS\Sun\Java\bin;C:\WINDOWS\system32;C:\WINDOWS;C:/Program Files/Java/jre1.8.0_231/bin/server;C:/Program Files/Java/jre1.8.0_231/bin;C:/Program Files/Java/jre1.8.0_231/lib/amd64;C:\ProgramData\DockerDesktop\version-bin;C:\Program Files\Docker\Docker\Resources\bin;C:\Program Files (x86)\Common Files\Oracle\Java\javapath;C:\WINDOWS\system32;C:\WINDOWS;C:\WINDOWS\System32\Wbem;C:\WINDOWS\System32\WindowsPowerShell\v1.0\;C:\WINDOWS\System32\OpenSSH\;C:\Program Files (x86)\Intel\Intel(R) Management Engine Components\DAL;C:\Program Files\Intel\Intel(R) Management Engine Components\DAL;C:\Program Files\Intel\WiFi\bin\;C:\Program Files\Common Files\Intel\WirelessCommon\;C:\Program Files\PuTTY\;G:\deployment\apache-maven-3.6.2\bin;G:\apache-maven-3.6.2\bin;C:\WINDOWS\system32;;."/>
    <property name="java.vm.info" value="mixed mode"/>
    <property name="java.vendor" value="Oracle Corporation"/>
    <property name="java.vm.version" value="25.231-b11"/>
    <property name="java.ext.dirs" value="C:\Program Files\Java\jdk1.8.0_231\jre\lib\ext;C:\WINDOWS\Sun\Java\lib\ext"/>
    <property name="sun.io.unicode.encoding" value="UnicodeLittle"/>
    <property name="java.class.version" value="52.0"/>
  </properties>
  <testcase name="GenericPEAPIMatchBackTestSet2" classname="com.smarteinc.api.tests.MatchBackTest" time="28.311">
    <failure message="PE API script has failed" type="java.lang.AssertionError">java.lang.AssertionError: PE API script has failed
	at com.smarteinc.api.tests.MatchBackTest.GenericPEAPIMatchBackTestSet2(MatchBackTest.java:226)
</failure>
    <system-out><![CDATA[[TestNGContentHandler] [WARN] It is strongly recommended to add "<!DOCTYPE suite SYSTEM "http://testng.org/testng-1.0.dtd" >" at the top of your file, otherwise TestNG may fail or not work as expected.

Test Case started GenericPEAPIMatchBackTestSet2

Test Case started GenericPEAPIMatchBackTestSet1
[26-27-2020 10:27:57:904] [INFO ] MatchBackTest: Start Test
Connection timed out: connect
Connection timed out: connect
Successfuly saved file to : C:/Users/Poonam Jha/poonam/com.smarteinc.automation/target/test-classes/TestData/MatchBack/NewCompMB-3.xlsx
Test Case Ended GenericPEAPIMatchBackTestSet2
java.lang.AssertionError: PE API script has failed
]]></system-out>
    <system-err><![CDATA[log4j:WARN No appenders could be found for logger (org.apache.http.impl.conn.BasicClientConnectionManager).
log4j:WARN Please initialize the log4j system properly.
log4j:WARN See http://logging.apache.org/log4j/1.2/faq.html#noconfig for more info.
log4j:WARN No appenders could be found for logger (org.apache.http.impl.conn.BasicClientConnectionManager).
log4j:WARN Please initialize the log4j system properly.
log4j:WARN See http://logging.apache.org/log4j/1.2/faq.html#noconfig for more info.
java.lang.AssertionError: PE API script has failed
	at org.testng.Assert.fail(Assert.java:96)
	at com.smarteinc.api.tests.MatchBackTest.GenericPEAPIMatchBackTestSet2(MatchBackTest.java:226)
	at sun.reflect.NativeMethodAccessorImpl.invoke0(Native Method)
	at sun.reflect.NativeMethodAccessorImpl.invoke(NativeMethodAccessorImpl.java:62)
	at sun.reflect.DelegatingMethodAccessorImpl.invoke(DelegatingMethodAccessorImpl.java:43)
	at java.lang.reflect.Method.invoke(Method.java:498)
	at org.testng.internal.MethodInvocationHelper.invokeMethod(MethodInvocationHelper.java:124)
	at org.testng.internal.Invoker.invokeMethod(Invoker.java:583)
	at org.testng.internal.Invoker.invokeTestMethod(Invoker.java:719)
	at org.testng.internal.Invoker.invokeTestMethods(Invoker.java:989)
	at org.testng.internal.TestMethodWorker.invokeTestMethods(TestMethodWorker.java:125)
	at org.testng.internal.TestMethodWorker.run(TestMethodWorker.java:109)
	at java.util.concurrent.ThreadPoolExecutor.runWorker(ThreadPoolExecutor.java:1149)
	at java.util.concurrent.ThreadPoolExecutor$Worker.run(ThreadPoolExecutor.java:624)
	at java.lang.Thread.run(Thread.java:748)
]]></system-err>
  </testcase>
  <testcase name="GenericPEAPIMatchBackTestSet1" classname="com.smarteinc.api.tests.MatchBackTest" time="29.007">
    <failure message="PE API script has failed" type="java.lang.AssertionError">java.lang.AssertionError: PE API script has failed
	at com.smarteinc.api.tests.MatchBackTest.GenericPEAPIMatchBackTestSet1(MatchBackTest.java:149)
</failure>
    <system-out><![CDATA[Successfuly saved file to : C:/Users/Poonam Jha/poonam/com.smarteinc.automation/target/test-classes/TestData/MatchBack/NewCompMB-2.xlsx
Test Case Ended GenericPEAPIMatchBackTestSet1
java.lang.AssertionError: PE API script has failed
]]></system-out>
    <system-err><![CDATA[java.lang.AssertionError: PE API script has failed
	at org.testng.Assert.fail(Assert.java:96)
	at com.smarteinc.api.tests.MatchBackTest.GenericPEAPIMatchBackTestSet1(MatchBackTest.java:149)
	at sun.reflect.NativeMethodAccessorImpl.invoke0(Native Method)
	at sun.reflect.NativeMethodAccessorImpl.invoke(NativeMethodAccessorImpl.java:62)
	at sun.reflect.DelegatingMethodAccessorImpl.invoke(DelegatingMethodAccessorImpl.java:43)
	at java.lang.reflect.Method.invoke(Method.java:498)
	at org.testng.internal.MethodInvocationHelper.invokeMethod(MethodInvocationHelper.java:124)
	at org.testng.internal.Invoker.invokeMethod(Invoker.java:583)
	at org.testng.internal.Invoker.invokeTestMethod(Invoker.java:719)
	at org.testng.internal.Invoker.invokeTestMethods(Invoker.java:989)
	at org.testng.internal.TestMethodWorker.invokeTestMethods(TestMethodWorker.java:125)
	at org.testng.internal.TestMethodWorker.run(TestMethodWorker.java:109)
	at java.util.concurrent.ThreadPoolExecutor.runWorker(ThreadPoolExecutor.java:1149)
	at java.util.concurrent.ThreadPoolExecutor$Worker.run(ThreadPoolExecutor.java:624)
	at java.lang.Thread.run(Thread.java:748)
]]></system-err>
  </testcase>
</testsuite>