<?xml version="1.0" encoding="UTF-8"?>
<!-- Generated by org.testng.reporters.JUnitReportReporter -->
<testsuite skipped="0" hostname="SMT-LAP-053" name="com.smarteinc.api.tests.TestCsv" tests="1" failures="0" timestamp="30 Jan 2020 13:28:55 GMT" time="2.667" errors="0">
  <testcase name="GenericPEAPITranalyzerTest1" time="2.667" classname="com.smarteinc.api.tests.TestCsv"/>
</testsuite> <!-- com.smarteinc.api.tests.TestCsv -->
